[debug] [2024-01-21T07:26:06.317Z] ----------------------------------------------------------------------
[debug] [2024-01-21T07:26:06.319Z] Command:       C:\Program Files\nodejs\node.exe C:\Users\Oles\AppData\Roaming\npm\node_modules\firebase-tools\lib\bin\firebase.js init
[debug] [2024-01-21T07:26:06.319Z] CLI Version:   13.0.3
[debug] [2024-01-21T07:26:06.319Z] Platform:      win32
[debug] [2024-01-21T07:26:06.319Z] Node Version:  v20.11.0
[debug] [2024-01-21T07:26:06.319Z] Time:          Sun Jan 21 2024 02:26:06 GMT-0500 (Eastern Standard Time)
[debug] [2024-01-21T07:26:06.319Z] ----------------------------------------------------------------------
[debug] 
[debug] [2024-01-21T07:26:06.324Z] > command requires scopes: ["email","openid","https://www.googleapis.com/auth/cloudplatformprojects.readonly","https://www.googleapis.com/auth/firebase","https://www.googleapis.com/auth/cloud-platform"]
[debug] [2024-01-21T07:26:06.324Z] > authorizing via signed-in user (oleksander.turchyn@gmail.com)
[info] 
     ######## #### ########  ######## ########     ###     ######  ########
     ##        ##  ##     ## ##       ##     ##  ##   ##  ##       ##
     ######    ##  ########  ######   ########  #########  ######  ######
     ##        ##  ##    ##  ##       ##     ## ##     ##       ## ##
     ##       #### ##     ## ######## ########  ##     ##  ######  ########

You're about to initialize a Firebase project in this directory:

  C:\Users\Oles\Desktop\dev\KittyClassifier\frontend

[info] 
=== Project Setup
[info] 
[info] First, let's associate this project directory with a Firebase project.
[info] You can create multiple project aliases by running firebase use --add, 
[info] but for now we'll just set up a default project.
[info] 
[debug] [2024-01-21T07:26:20.357Z] > refreshing access token with scopes: []
[debug] [2024-01-21T07:26:20.359Z] >>> [apiv2][query] POST https://www.googleapis.com/oauth2/v3/token [none]
[debug] [2024-01-21T07:26:20.359Z] >>> [apiv2][body] POST https://www.googleapis.com/oauth2/v3/token [omitted]
[debug] [2024-01-21T07:26:20.548Z] <<< [apiv2][status] POST https://www.googleapis.com/oauth2/v3/token 400
[debug] [2024-01-21T07:26:20.548Z] <<< [apiv2][body] POST https://www.googleapis.com/oauth2/v3/token [omitted]
[debug] [2024-01-21T07:26:20.549Z] >>> [apiv2][query] GET https://firebase.googleapis.com/v1beta1/projects pageSize=100
[debug] [2024-01-21T07:26:20.752Z] <<< [apiv2][status] GET https://firebase.googleapis.com/v1beta1/projects 401
[debug] [2024-01-21T07:26:20.752Z] <<< [apiv2][body] GET https://firebase.googleapis.com/v1beta1/projects [omitted]
[debug] [2024-01-21T07:26:20.753Z] HTTP Error: 401, Request had invalid authentication credentials. Expected OAuth 2 access token, login cookie or other valid authentication credential. See https://developers.google.com/identity/sign-in/web/devconsole-project.
[debug] [2024-01-21T07:26:20.864Z] FirebaseError: HTTP Error: 401, Request had invalid authentication credentials. Expected OAuth 2 access token, login cookie or other valid authentication credential. See https://developers.google.com/identity/sign-in/web/devconsole-project.
    at responseToError (C:\Users\Oles\AppData\Roaming\npm\node_modules\firebase-tools\lib\responseToError.js:49:12)
    at RetryOperation._fn (C:\Users\Oles\AppData\Roaming\npm\node_modules\firebase-tools\lib\apiv2.js:292:77)
    at process.processTicksAndRejections (node:internal/process/task_queues:95:5)
[error] 
[error] Error: Failed to list Firebase projects. See firebase-debug.log for more info.
[debug] [2024-01-21T07:26:24.276Z] ----------------------------------------------------------------------
[debug] [2024-01-21T07:26:24.278Z] Command:       C:\Program Files\nodejs\node.exe C:\Users\Oles\AppData\Roaming\npm\node_modules\firebase-tools\lib\bin\firebase.js init
[debug] [2024-01-21T07:26:24.278Z] CLI Version:   13.0.3
[debug] [2024-01-21T07:26:24.278Z] Platform:      win32
[debug] [2024-01-21T07:26:24.279Z] Node Version:  v20.11.0
[debug] [2024-01-21T07:26:24.279Z] Time:          Sun Jan 21 2024 02:26:24 GMT-0500 (Eastern Standard Time)
[debug] [2024-01-21T07:26:24.279Z] ----------------------------------------------------------------------
[debug] 
[debug] [2024-01-21T07:26:24.283Z] > command requires scopes: ["email","openid","https://www.googleapis.com/auth/cloudplatformprojects.readonly","https://www.googleapis.com/auth/firebase","https://www.googleapis.com/auth/cloud-platform"]
[debug] [2024-01-21T07:26:24.284Z] > authorizing via signed-in user (oleksander.turchyn@gmail.com)
[info] 
     ######## #### ########  ######## ########     ###     ######  ########
     ##        ##  ##     ## ##       ##     ##  ##   ##  ##       ##
     ######    ##  ########  ######   ########  #########  ######  ######
     ##        ##  ##    ##  ##       ##     ## ##     ##       ## ##
     ##       #### ##     ## ######## ########  ##     ##  ######  ########

You're about to initialize a Firebase project in this directory:

  C:\Users\Oles\Desktop\dev\KittyClassifier\frontend

[info] 
=== Project Setup
[info] 
[info] First, let's associate this project directory with a Firebase project.
[info] You can create multiple project aliases by running firebase use --add, 
[info] but for now we'll just set up a default project.
[info] 
[info] 
=== Hosting Setup
[info] 
[info] Your public directory is the folder (relative to your project directory) that
[info] will contain Hosting assets to be uploaded with firebase deploy. If you
[info] have a build process for your assets, use your build's output directory.
[info] 
